<?xml version="1.0" encoding="UTF-8"?>
<!-- Generated by org.testng.reporters.JUnitReportReporter -->
<testsuite hostname="DESKTOP-DVE9TDT" failures="0" tests="17" name="com.Bridgelabz.qa.api_automation.RestApi_Automation_Testing_Test" time="13.434" errors="0" timestamp="2023-01-05T14:53:56 IST" skipped="0">
  <testcase classname="com.Bridgelabz.qa.api_automation.RestApi_Automation_Testing_Test" name="Create_Playlist" time="0.511"/>
  <system-out/>
  <testcase classname="com.Bridgelabz.qa.api_automation.RestApi_Automation_Testing_Test" name="Get_Several_Track" time="0.319"/>
  <system-out/>
  <testcase classname="com.Bridgelabz.qa.api_automation.RestApi_Automation_Testing_Test" name="Add_Item_To_Playlist" time="4.390"/>
  <system-out/>
  <testcase classname="com.Bridgelabz.qa.api_automation.RestApi_Automation_Testing_Test" name="Get_Track" time="0.382"/>
  <system-out/>
  <testcase classname="com.Bridgelabz.qa.api_automation.RestApi_Automation_Testing_Test" name="Get_Playlist_Cover_Image" time="0.386"/>
  <system-out/>
  <testcase classname="com.Bridgelabz.qa.api_automation.RestApi_Automation_Testing_Test" name="Update_Playlist" time="0.360"/>
  <system-out/>
  <testcase classname="com.Bridgelabz.qa.api_automation.RestApi_Automation_Testing_Test" name="Change_Playlist_Details" time="0.400"/>
  <system-out/>
  <testcase classname="com.Bridgelabz.qa.api_automation.RestApi_Automation_Testing_Test" name="get_Current_User_Profile" time="0.342"/>
  <system-out/>
  <testcase classname="com.Bridgelabz.qa.api_automation.RestApi_Automation_Testing_Test" name="Get_Playlist" time="0.459"/>
  <system-out/>
  <testcase classname="com.Bridgelabz.qa.api_automation.RestApi_Automation_Testing_Test" name="Get_Tracks_Audio_Features" time="0.305"/>
  <system-out/>
  <testcase classname="com.Bridgelabz.qa.api_automation.RestApi_Automation_Testing_Test" name="Get_Playlist_Item" time="0.576"/>
  <system-out/>
  <testcase classname="com.Bridgelabz.qa.api_automation.RestApi_Automation_Testing_Test" name="Get_Track_Audio_Analysis" time="2.644"/>
  <system-out/>
  <testcase classname="com.Bridgelabz.qa.api_automation.RestApi_Automation_Testing_Test" name="Get_User_Playlist" time="0.490"/>
  <system-out/>
  <testcase classname="com.Bridgelabz.qa.api_automation.RestApi_Automation_Testing_Test" name="Get_Current_User_Playlist" time="0.426"/>
  <system-out/>
  <testcase classname="com.Bridgelabz.qa.api_automation.RestApi_Automation_Testing_Test" name="Search_For_Item" time="0.775"/>
  <system-out/>
  <testcase classname="com.Bridgelabz.qa.api_automation.RestApi_Automation_Testing_Test" name="Get_Track_Audio_Features" time="0.349"/>
  <system-out/>
  <testcase classname="com.Bridgelabz.qa.api_automation.RestApi_Automation_Testing_Test" name="get_User_Profile" time="0.320"/>
  <system-out/>
</testsuite> <!-- com.Bridgelabz.qa.api_automation.RestApi_Automation_Testing_Test -->
